Vivado Simulator v2023.2
Copyright 1986-2022 Xilinx, Inc. All Rights Reserved.
Copyright 2022-2023 Advanced Micro Devices, Inc. All Rights Reserved.
Running: C:/Xilinx/Vivado/2023.2/bin/unwrapped/win64.o/xelab.exe --incr --debug typical --relax --mt 2 -L xil_defaultlib -L unisims_ver -L unimacro_ver -L secureip -L xpm --snapshot tb_DAQ_digital_behav xil_defaultlib.tb_DAQ_digital xil_defaultlib.glbl -log elaborate.log 
Using 2 slave threads.
Starting static elaboration
Pass Through NonSizing Optimizer
Completed static elaboration
Starting simulation data flow analysis
Completed simulation data flow analysis
Time Resolution for simulation is 1ps
Compiling package std.standard
Compiling package std.textio
Compiling package ieee.std_logic_1164
Compiling package ieee.numeric_std
Compiling package unisim.vcomponents
Compiling package ieee.std_logic_arith
Compiling package ieee.std_logic_unsigned
Compiling package vl.vl_types
Compiling module xil_defaultlib.glbl
Compiling architecture bufg_v of entity unisim.BUFG [bufg_default]
Compiling architecture behavioral of entity xil_defaultlib.button_debounce [button_debounce_default]
Compiling architecture behavioral of entity xil_defaultlib.Clock_divisor [clock_divisor_default]
Compiling architecture behavioral of entity xil_defaultlib.i2c_master [i2c_master_default]
Compiling architecture behavioral of entity xil_defaultlib.SetDAC [setdac_default]
Compiling architecture behavioral of entity xil_defaultlib.Interface_DAC [interface_dac_default]
Compiling architecture behavioral of entity xil_defaultlib.UART_TX [uart_tx_default]
Compiling architecture behavioral of entity xil_defaultlib.UART_MATLAB [uart_matlab_default]
Compiling architecture behavioral of entity xil_defaultlib.memory_buffer [\memory_buffer(addr_width=8)\]
Compiling architecture behavioral of entity xil_defaultlib.feature_extraction [feature_extraction_default]
Compiling module unisims_ver.BUFG
Compiling module unisims_ver.PLLE2_ADV(BANDWIDTH="HIGH",CLKFB...
Compiling module xil_defaultlib.clk_wiz_0_clk_wiz
Compiling module xil_defaultlib.clk_wiz_0
Compiling architecture behavioral of entity xil_defaultlib.FMS_SPI_Control [fms_spi_control_default]
Compiling architecture behavioral of entity xil_defaultlib.SingleShotPulse [singleshotpulse_default]
Compiling architecture behavioral of entity xil_defaultlib.FMS_ADCs_Readings [fms_adcs_readings_default]
Compiling architecture behavioral of entity xil_defaultlib.contador1 [contador1_default]
Compiling architecture behavioral of entity xil_defaultlib.timer [timer_default]
Compiling architecture behavioral of entity xil_defaultlib.Interface_SPI [interface_spi_default]
Compiling architecture behavioral of entity xil_defaultlib.ADCs_modules [adcs_modules_default]
Compiling architecture behavioral of entity xil_defaultlib.UART_features [uart_features_default]
Compiling architecture behavioral of entity xil_defaultlib.DAQ_digital [daq_digital_default]
Compiling architecture behavioral of entity xil_defaultlib.tb_daq_digital
Built simulation snapshot tb_DAQ_digital_behav
