INFO: [VRFC 10-163] Analyzing VHDL file "C:/Users/SUPER PC 007/Documents/vivadoproyec/DAQ_Neutrinos3/DAQ_Neutrinos.srcs/sources_1/new/ADCs_modules.vhd" into library xil_defaultlib
INFO: [VRFC 10-3107] analyzing entity 'ADCs_modules'
INFO: [VRFC 10-163] Analyzing VHDL file "C:/Users/SUPER PC 007/Documents/vivadoproyec/DAQ_Neutrinos3/DAQ_Neutrinos.srcs/sources_1/new/Clock_divisor.vhd" into library xil_defaultlib
INFO: [VRFC 10-3107] analyzing entity 'Clock_divisor'
INFO: [VRFC 10-163] Analyzing VHDL file "C:/Users/SUPER PC 007/Documents/vivadoproyec/DAQ_Neutrinos3/DAQ_Neutrinos.srcs/sources_1/new/DAQ_digital.vhd" into library xil_defaultlib
INFO: [VRFC 10-3107] analyzing entity 'DAQ_digital'
INFO: [VRFC 10-163] Analyzing VHDL file "C:/Users/SUPER PC 007/Documents/vivadoproyec/DAQ_Neutrinos3/DAQ_Neutrinos.srcs/sources_1/new/FMS_ADCs_Readings.vhd" into library xil_defaultlib
INFO: [VRFC 10-3107] analyzing entity 'FMS_ADCs_Readings'
INFO: [VRFC 10-163] Analyzing VHDL file "C:/Users/SUPER PC 007/Documents/vivadoproyec/DAQ_Neutrinos3/DAQ_Neutrinos.srcs/sources_1/new/FMS_SPI_Control.vhd" into library xil_defaultlib
INFO: [VRFC 10-3107] analyzing entity 'FMS_SPI_Control'
INFO: [VRFC 10-163] Analyzing VHDL file "C:/Users/SUPER PC 007/Documents/vivadoproyec/DAQ_Neutrinos3/DAQ_Neutrinos.srcs/sources_1/new/Interface_DAC.vhd" into library xil_defaultlib
INFO: [VRFC 10-3107] analyzing entity 'Interface_DAC'
INFO: [VRFC 10-163] Analyzing VHDL file "C:/Users/SUPER PC 007/Documents/vivadoproyec/DAQ_Neutrinos3/DAQ_Neutrinos.srcs/sources_1/new/Interface_SPI.vhd" into library xil_defaultlib
INFO: [VRFC 10-3107] analyzing entity 'Interface_SPI'
INFO: [VRFC 10-163] Analyzing VHDL file "C:/Users/SUPER PC 007/Documents/vivadoproyec/DAQ_Neutrinos3/DAQ_Neutrinos.srcs/sources_1/new/SetDAC.vhd" into library xil_defaultlib
INFO: [VRFC 10-3107] analyzing entity 'SetDAC'
INFO: [VRFC 10-163] Analyzing VHDL file "C:/Users/SUPER PC 007/Documents/vivadoproyec/DAQ_Neutrinos3/DAQ_Neutrinos.srcs/sources_1/new/SingleShotPulse.vhd" into library xil_defaultlib
INFO: [VRFC 10-3107] analyzing entity 'SingleShotPulse'
INFO: [VRFC 10-163] Analyzing VHDL file "C:/Users/SUPER PC 007/Documents/vivadoproyec/DAQ_Neutrinos3/DAQ_Neutrinos.srcs/sources_1/new/UART_MATLAB.vhd" into library xil_defaultlib
INFO: [VRFC 10-3107] analyzing entity 'UART_MATLAB'
INFO: [VRFC 10-163] Analyzing VHDL file "C:/Users/SUPER PC 007/Documents/vivadoproyec/DAQ_Neutrinos3/DAQ_Neutrinos.srcs/sources_1/new/UART_TX.vhd" into library xil_defaultlib
INFO: [VRFC 10-3107] analyzing entity 'UART_TX'
INFO: [VRFC 10-163] Analyzing VHDL file "C:/Users/SUPER PC 007/Documents/vivadoproyec/DAQ_Neutrinos3/DAQ_Neutrinos.srcs/sources_1/new/UART_features.vhd" into library xil_defaultlib
INFO: [VRFC 10-3107] analyzing entity 'UART_features'
INFO: [VRFC 10-163] Analyzing VHDL file "C:/Users/SUPER PC 007/Documents/vivadoproyec/DAQ_Neutrinos3/DAQ_Neutrinos.srcs/sources_1/new/button_debounce.vhd" into library xil_defaultlib
INFO: [VRFC 10-3107] analyzing entity 'button_debounce'
INFO: [VRFC 10-163] Analyzing VHDL file "C:/Users/SUPER PC 007/Documents/vivadoproyec/DAQ_Neutrinos3/DAQ_Neutrinos.srcs/sources_1/new/contador1.vhd" into library xil_defaultlib
INFO: [VRFC 10-3107] analyzing entity 'contador1'
INFO: [VRFC 10-163] Analyzing VHDL file "C:/Users/SUPER PC 007/Documents/vivadoproyec/DAQ_Neutrinos3/DAQ_Neutrinos.srcs/sources_1/new/feature_extraction.vhd" into library xil_defaultlib
INFO: [VRFC 10-3107] analyzing entity 'feature_extraction'
INFO: [VRFC 10-163] Analyzing VHDL file "C:/Users/SUPER PC 007/Documents/vivadoproyec/DAQ_Neutrinos3/DAQ_Neutrinos.srcs/sources_1/new/i2c_master.vhd" into library xil_defaultlib
INFO: [VRFC 10-3107] analyzing entity 'i2c_master'
INFO: [VRFC 10-163] Analyzing VHDL file "C:/Users/SUPER PC 007/Documents/vivadoproyec/DAQ_Neutrinos3/DAQ_Neutrinos.srcs/sources_1/new/memory_buffer.vhd" into library xil_defaultlib
INFO: [VRFC 10-3107] analyzing entity 'memory_buffer'
INFO: [VRFC 10-163] Analyzing VHDL file "C:/Users/SUPER PC 007/Documents/vivadoproyec/DAQ_Neutrinos3/DAQ_Neutrinos.srcs/sources_1/new/timer.vhd" into library xil_defaultlib
INFO: [VRFC 10-3107] analyzing entity 'timer'
INFO: [VRFC 10-163] Analyzing VHDL file "C:/Users/SUPER PC 007/Documents/vivadoproyec/DAQ_Neutrinos3/DAQ_Neutrinos.srcs/sim_1/new/tb_DAQ_digital.vhd" into library xil_defaultlib
INFO: [VRFC 10-3107] analyzing entity 'tb_DAQ_digital'
